0 info it worked if it ends with ok
1 verbose cli [ '/usr/bin/nodejs', '/usr/bin/npm', 'install', '-g', 'jQuery' ]
2 info using npm@3.10.8
3 info using node@v6.9.1
4 silly loadCurrentTree Starting
5 silly install loadCurrentTree
6 silly install readGlobalPackageData
7 silly fetchPackageMetaData jQuery
8 silly fetchNamedPackageData jQuery
9 silly mapToRegistry name jQuery
10 silly mapToRegistry using default registry
11 silly mapToRegistry registry https://registry.npmjs.org/
12 silly mapToRegistry data Result {
12 silly mapToRegistry   raw: 'jQuery',
12 silly mapToRegistry   scope: null,
12 silly mapToRegistry   escapedName: 'jQuery',
12 silly mapToRegistry   name: 'jQuery',
12 silly mapToRegistry   rawSpec: '',
12 silly mapToRegistry   spec: 'latest',
12 silly mapToRegistry   type: 'tag' }
13 silly mapToRegistry uri https://registry.npmjs.org/jQuery
14 verbose request uri https://registry.npmjs.org/jQuery
15 verbose request no auth needed
16 info attempt registry request try #1 at 9:36:01 AM
17 verbose request id 8be340f3b8155bc1
18 verbose etag W/"5847e81f-1f92"
19 verbose lastModified Wed, 07 Dec 2016 10:44:47 GMT
20 http request GET https://registry.npmjs.org/jQuery
21 http 304 https://registry.npmjs.org/jQuery
22 verbose headers { date: 'Mon, 06 Mar 2017 09:36:05 GMT',
22 verbose headers   via: '1.1 varnish',
22 verbose headers   'cache-control': 'max-age=300',
22 verbose headers   etag: 'W/"5847e81f-1f92"',
22 verbose headers   age: '56',
22 verbose headers   connection: 'keep-alive',
22 verbose headers   'x-served-by': 'cache-ams4138-AMS',
22 verbose headers   'x-cache': 'HIT',
22 verbose headers   'x-cache-hits': '1',
22 verbose headers   'x-timer': 'S1488792965.638214,VS0,VE0',
22 verbose headers   vary: 'Accept-Encoding' }
23 silly get cb [ 304,
23 silly get   { date: 'Mon, 06 Mar 2017 09:36:05 GMT',
23 silly get     via: '1.1 varnish',
23 silly get     'cache-control': 'max-age=300',
23 silly get     etag: 'W/"5847e81f-1f92"',
23 silly get     age: '56',
23 silly get     connection: 'keep-alive',
23 silly get     'x-served-by': 'cache-ams4138-AMS',
23 silly get     'x-cache': 'HIT',
23 silly get     'x-cache-hits': '1',
23 silly get     'x-timer': 'S1488792965.638214,VS0,VE0',
23 silly get     vary: 'Accept-Encoding' } ]
24 verbose etag https://registry.npmjs.org/jQuery from cache
25 verbose get saving jQuery to /home/vagrant/.npm/registry.npmjs.org/jQuery/.cache.json
26 verbose correctMkdir /home/vagrant/.npm correctMkdir not in flight; initializing
27 silly install normalizeTree
28 silly loadCurrentTree Finishing
29 silly loadIdealTree Starting
30 silly install loadIdealTree
31 silly cloneCurrentTree Starting
32 silly install cloneCurrentTreeToIdealTree
33 silly cloneCurrentTree Finishing
34 silly loadShrinkwrap Starting
35 silly install loadShrinkwrap
36 silly loadShrinkwrap Finishing
37 silly loadAllDepsIntoIdealTree Starting
38 silly install loadAllDepsIntoIdealTree
39 silly resolveWithNewModule jQuery@1.7.4 checking installable status
40 silly cache add args [ 'jQuery', null ]
41 verbose cache add spec jQuery
42 silly cache add parsed spec Result {
42 silly cache add   raw: 'jQuery',
42 silly cache add   scope: null,
42 silly cache add   escapedName: 'jQuery',
42 silly cache add   name: 'jQuery',
42 silly cache add   rawSpec: '',
42 silly cache add   spec: 'latest',
42 silly cache add   type: 'tag' }
43 silly addNamed jQuery@latest
44 verbose addNamed "latest" is being treated as a dist-tag for jQuery
45 info addNameTag [ 'jQuery', 'latest' ]
46 silly mapToRegistry name jQuery
47 silly mapToRegistry using default registry
48 silly mapToRegistry registry https://registry.npmjs.org/
49 silly mapToRegistry data Result {
49 silly mapToRegistry   raw: 'jQuery',
49 silly mapToRegistry   scope: null,
49 silly mapToRegistry   escapedName: 'jQuery',
49 silly mapToRegistry   name: 'jQuery',
49 silly mapToRegistry   rawSpec: '',
49 silly mapToRegistry   spec: 'latest',
49 silly mapToRegistry   type: 'tag' }
50 silly mapToRegistry uri https://registry.npmjs.org/jQuery
51 verbose addNameTag registry:https://registry.npmjs.org/jQuery not in flight; fetching
52 verbose get https://registry.npmjs.org/jQuery not expired, no request
53 silly addNameTag next cb for jQuery with tag latest
54 silly addNamed jQuery@1.7.4
55 verbose addNamed "1.7.4" is a plain semver version for jQuery
56 warn deprecated jQuery@1.7.4: This is deprecated. Please use 'jquery' (all lowercase).
57 silly cache afterAdd jQuery@1.7.4
58 verbose afterAdd /home/vagrant/.npm/jQuery/1.7.4/package/package.json not in flight; writing
59 verbose correctMkdir /home/vagrant/.npm correctMkdir not in flight; initializing
60 verbose afterAdd /home/vagrant/.npm/jQuery/1.7.4/package/package.json written
61 silly loadAllDepsIntoIdealTree Finishing
62 silly loadIdealTree Finishing
63 silly currentTree lib
64 silly idealTree lib
64 silly idealTree └── jQuery@1.7.4
65 silly generateActionsToTake Starting
66 silly install generateActionsToTake
67 warn checkPermissions Missing write access to /usr/lib/node_modules
68 silly rollbackFailedOptional Starting
69 silly rollbackFailedOptional Finishing
70 silly runTopLevelLifecycles Finishing
71 silly install printInstalled
72 verbose stack Error: EACCES: permission denied, access '/usr/lib/node_modules'
72 verbose stack     at Error (native)
73 verbose cwd /home/vagrant/Code/hz-competentiemanager
74 error Linux 4.4.0-51-generic
75 error argv "/usr/bin/nodejs" "/usr/bin/npm" "install" "-g" "jQuery"
76 error node v6.9.1
77 error npm  v3.10.8
78 error path /usr/lib/node_modules
79 error code EACCES
80 error errno -13
81 error syscall access
82 error Error: EACCES: permission denied, access '/usr/lib/node_modules'
82 error     at Error (native)
82 error  { Error: EACCES: permission denied, access '/usr/lib/node_modules'
82 error     at Error (native)
82 error   errno: -13,
82 error   code: 'EACCES',
82 error   syscall: 'access',
82 error   path: '/usr/lib/node_modules' }
83 error Please try running this command again as root/Administrator.
84 verbose exit [ -13, true ]
